<?xml version="1.0" encoding="UTF-8"?>
<testng-results ignored="0" total="1" passed="1" failed="0" skipped="0">
  <reporter-output>
  </reporter-output>
  <suite started-at="2024-02-01T09:51:24 EST" name="Default suite" finished-at="2024-02-01T09:51:31 EST" duration-ms="6732">
    <groups>
    </groups>
    <test started-at="2024-02-01T09:51:24 EST" name="Default test" finished-at="2024-02-01T09:51:31 EST" duration-ms="6732">
      <class name="com.WebdriverUiversity.test.TodoList">
        <test-method signature="toDoList()[pri:0, instance:com.WebdriverUiversity.test.TodoList@194bcebf]" started-at="2024-02-01T09:51:24 EST" name="toDoList" finished-at="2024-02-01T09:51:31 EST" duration-ms="6678" status="PASS">
          <reporter-output>
          </reporter-output>
        </test-method> <!-- toDoList -->
      </class> <!-- com.WebdriverUiversity.test.TodoList -->
    </test> <!-- Default test -->
  </suite> <!-- Default suite -->
</testng-results>
