<?xml version="1.0" encoding="UTF-8"?>
<testng-results ignored="0" total="1" passed="1" failed="0" skipped="0">
  <reporter-output>
  </reporter-output>
  <suite started-at="2024-01-30T12:55:15 EST" name="Default suite" finished-at="2024-01-30T12:55:26 EST" duration-ms="11366">
    <groups>
    </groups>
    <test started-at="2024-01-30T12:55:15 EST" name="Default test" finished-at="2024-01-30T12:55:26 EST" duration-ms="11366">
      <class name="com.WebdriverUiversity.test.ContactUsPage">
        <test-method signature="clickContactPage()[pri:0, instance:com.WebdriverUiversity.test.ContactUsPage@194bcebf]" started-at="2024-01-30T12:55:15 EST" name="clickContactPage" finished-at="2024-01-30T12:55:26 EST" duration-ms="11318" status="PASS">
          <reporter-output>
          </reporter-output>
        </test-method> <!-- clickContactPage -->
      </class> <!-- com.WebdriverUiversity.test.ContactUsPage -->
    </test> <!-- Default test -->
  </suite> <!-- Default suite -->
</testng-results>
